
> app@0.1.0 start
> next start --hostname 0.0.0.0


> app@0.1.0 start
> next start

▲ Next.js 16.1.6
- Local:         http://localhost:3000
- Network:       http://192.168.1.59:3000

✓ Starting...
✓ Ready in 391ms

> app@0.1.0 start
> next start

▲ Next.js 16.1.6
- Local:         http://localhost:3000
- Network:       http://192.168.1.59:3000

✓ Starting...
✓ Ready in 384ms

> app@0.1.0 start
> next start

▲ Next.js 16.1.6
- Local:         http://localhost:3000
- Network:       http://192.168.1.59:3000

✓ Starting...
✓ Ready in 426ms
